<?xml version="1.0" encoding="UTF-8"?>
<!-- Generated by org.testng.reporters.JUnitReportReporter -->
<testsuite hostname="DESKTOP-5UB6L7F" failures="0" tests="1" name="rahulshettyacademy.SubmitOrder" time="20.120" errors="0" timestamp="2024-06-20T21:52:04 IST" skipped="0">
  <testcase classname="rahulshettyacademy.SubmitOrder" name="submitOrder" time="20.120"/>
</testsuite> <!-- rahulshettyacademy.SubmitOrder -->
